# JRE version: Java(TM) SE Runtime Environment (8.0_60-b27) (build 1.8.0_60-b27)
# Java VM: Java HotSpot(TM) 64-Bit Server VM (25.60-b23 mixed mode linux-amd64 compressed oops)
Heap:
 PSYoungGen      total 17920K, used 4726K [0x00000000ec300000, 0x00000000ed700000, 0x0000000100000000)
  eden space 15360K, 14% used [0x00000000ec300000,0x00000000ec5218e8,0x00000000ed200000)
  from space 2560K, 99% used [0x00000000ed480000,0x00000000ed6fc050,0x00000000ed700000)
  to   space 2560K, 0% used [0x00000000ed200000,0x00000000ed200000,0x00000000ed480000)
 ParOldGen       total 40960K, used 1036K [0x00000000c4800000, 0x00000000c7000000, 0x00000000ec300000)
  object space 40960K, 2% used [0x00000000c4800000,0x00000000c49031d0,0x00000000c7000000)
 Metaspace       used 15269K, capacity 15494K, committed 15872K, reserved 1062912K
  class space    used 1851K, capacity 1945K, committed 2048K, reserved 1048576K
GC Heap History (4 events):
Event: 8,634 GC heap before
{Heap before GC invocations=1 (full 0):
 PSYoungGen      total 17920K, used 15360K [0x00000000ec300000, 0x00000000ed700000, 0x0000000100000000)
  eden space 15360K, 100% used [0x00000000ec300000,0x00000000ed200000,0x00000000ed200000)
  from space 2560K, 0% used [0x00000000ed480000,0x00000000ed480000,0x00000000ed700000)
  to   space 2560K, 0% used [0x00000000ed200000,0x00000000ed200000,0x00000000ed480000)
 ParOldGen       total 40960K, used 0K [0x00000000c4800000, 0x00000000c7000000, 0x00000000ec300000)
  object space 40960K, 0% used [0x00000000c4800000,0x00000000c4800000,0x00000000c7000000)
 Metaspace       used 13165K, capacity 13378K, committed 13568K, reserved 1060864K
  class space    used 1677K, capacity 1779K, committed 1792K, reserved 1048576K
Event: 8,641 GC heap after
Heap after GC invocations=1 (full 0):
 PSYoungGen      total 17920K, used 2226K [0x00000000ec300000, 0x00000000ed700000, 0x0000000100000000)
  eden space 15360K, 0% used [0x00000000ec300000,0x00000000ec300000,0x00000000ed200000)
  from space 2560K, 86% used [0x00000000ed200000,0x00000000ed42c820,0x00000000ed480000)
  to   space 2560K, 0% used [0x00000000ed480000,0x00000000ed480000,0x00000000ed700000)
 ParOldGen       total 40960K, used 8K [0x00000000c4800000, 0x00000000c7000000, 0x00000000ec300000)
  object space 40960K, 0% used [0x00000000c4800000,0x00000000c4802000,0x00000000c7000000)
 Metaspace       used 13165K, capacity 13378K, committed 13568K, reserved 1060864K
  class space    used 1677K, capacity 1779K, committed 1792K, reserved 1048576K
}
Event: 79,878 GC heap before
{Heap before GC invocations=2 (full 0):
 PSYoungGen      total 17920K, used 17586K [0x00000000ec300000, 0x00000000ed700000, 0x0000000100000000)
  eden space 15360K, 100% used [0x00000000ec300000,0x00000000ed200000,0x00000000ed200000)
  from space 2560K, 86% used [0x00000000ed200000,0x00000000ed42c820,0x00000000ed480000)
  to   space 2560K, 0% used [0x00000000ed480000,0x00000000ed480000,0x00000000ed700000)
 ParOldGen       total 40960K, used 8K [0x00000000c4800000, 0x00000000c7000000, 0x00000000ec300000)
  object space 40960K, 0% used [0x00000000c4800000,0x00000000c4802000,0x00000000c7000000)
 Metaspace       used 15215K, capacity 15430K, committed 15872K, reserved 1062912K
  class space    used 1850K, capacity 1945K, committed 2048K, reserved 1048576K
Event: 79,885 GC heap after
Heap after GC invocations=2 (full 0):
 PSYoungGen      total 17920K, used 2544K [0x00000000ec300000, 0x00000000ed700000, 0x0000000100000000)
  eden space 15360K, 0% used [0x00000000ec300000,0x00000000ec300000,0x00000000ed200000)
  from space 2560K, 99% used [0x00000000ed480000,0x00000000ed6fc050,0x00000000ed700000)
  to   space 2560K, 0% used [0x00000000ed200000,0x00000000ed200000,0x00000000ed480000)
 ParOldGen       total 40960K, used 1036K [0x00000000c4800000, 0x00000000c7000000, 0x00000000ec300000)
  object space 40960K, 2% used [0x00000000c4800000,0x00000000c49031d0,0x00000000c7000000)
 Metaspace       used 15215K, capacity 15430K, committed 15872K, reserved 1062912K
  class space    used 1850K, capacity 1945K, committed 2048K, reserved 1048576K
}

